<?xml version="1.0" encoding="UTF-8"?>
<!-- Generated by org.testng.reporters.JUnitReportReporter -->
<testsuite hostname="upal-mpb.local" failures="0" tests="1" name="com.sdetadda.allure.TestCase2" time="5.042" errors="0" timestamp="2025-07-09T09:51:13 IST" skipped="0">
  <testcase classname="com.sdetadda.allure.TestCase2" name="testMethod1" time="5.042"/>
  <system-out/>
</testsuite> <!-- com.sdetadda.allure.TestCase2 -->
